[2026-04-30 09:39:26] [ETL] ==================================================
[2026-04-30 09:39:26] [ETL] 🚀 开始 ETL 流程: policy
[2026-04-30 09:39:26] [ETL] ==================================================
[2026-04-30 09:39:26] [ETL] 💾 原始数据已保存: /Users/zhoulai/low-altitude-economy/data/raw/policy_raw_2026-04-30_093926.json (31 条)
[2026-04-30 09:39:26] [ETL] 🧹 清洗数据...
[2026-04-30 09:39:26] [ETL] 📖 读取已有数据: /Users/zhoulai/low-altitude-economy/data/policy_data.json (31 条)
[2026-04-30 09:39:26] [ETL] 🔀 合并后: 62 条 → 去重后: 31 条
[2026-04-30 09:39:26] [ETL]    新增: 31 条，已有: 31 条，去重: 31 条
[2026-04-30 09:39:26] [ETL] 💾 主数据已更新: /Users/zhoulai/low-altitude-economy/data/policy_data.json (31 条)
[2026-04-30 09:39:26] [ETL] 📊 统计已更新: /Users/zhoulai/low-altitude-economy/data/stats.json
[2026-04-30 09:39:26] [ETL] 📝 changelog 已更新 (1 条记录)
[2026-04-30 09:39:26] [ETL] ==================================================
[2026-04-30 09:39:26] [ETL] 📋 ETL 执行结果:
[2026-04-30 09:39:26] [ETL]   policy: ✅ 成功
[2026-04-30 09:39:26] [ETL] ==================================================
[2026-04-30 09:52:04] [ETL] ==================================================
[2026-04-30 09:52:04] [ETL] 🚀 开始 ETL 流程: policy
[2026-04-30 09:52:04] [ETL] ==================================================
[2026-04-30 09:52:04] [ETL] 💾 原始数据已保存: /Users/zhoulai/low-altitude-economy/data/raw/policy_raw_2026-04-30_095204.json (31 条)
[2026-04-30 09:52:04] [ETL] 🧹 清洗数据...
[2026-04-30 09:52:04] [ETL] 📖 读取已有数据: /Users/zhoulai/low-altitude-economy/data/policy_data.json (31 条)
[2026-04-30 09:52:04] [ETL] 🔀 合并后: 62 条 → 去重后: 31 条
[2026-04-30 09:52:04] [ETL]    新增: 31 条，已有: 31 条，去重: 31 条
[2026-04-30 09:52:04] [ETL] 💾 主数据已更新: /Users/zhoulai/low-altitude-economy/data/policy_data.json (31 条)
[2026-04-30 09:52:04] [ETL] 📊 统计已更新: /Users/zhoulai/low-altitude-economy/data/stats.json
[2026-04-30 09:52:04] [ETL] 📝 changelog 已更新 (2 条记录)
[2026-04-30 09:52:04] [ETL] ==================================================
[2026-04-30 09:52:04] [ETL] 📋 ETL 执行结果:
[2026-04-30 09:52:04] [ETL]   policy: ✅ 成功
[2026-04-30 09:52:04] [ETL] ==================================================
[2026-04-30 10:19:18] [ETL] ==================================================
[2026-04-30 10:19:18] [ETL] 🚀 开始 ETL 流程: policy
[2026-04-30 10:19:18] [ETL] ==================================================
[2026-04-30 10:19:18] [ETL] 💾 原始数据已保存: /Users/zhoulai/low-altitude-economy/data/raw/policy_raw_2026-04-30_101918.json (31 条)
[2026-04-30 10:19:18] [ETL] 🧹 清洗数据...
[2026-04-30 10:19:18] [ETL] 📖 读取已有数据: /Users/zhoulai/low-altitude-economy/data/policy_data.json (71 条)
[2026-04-30 10:19:18] [ETL] 🔀 合并后: 102 条 → 去重后: 71 条
[2026-04-30 10:19:18] [ETL]    新增: 31 条，已有: 71 条，去重: 31 条
[2026-04-30 10:19:18] [ETL] 💾 主数据已更新: /Users/zhoulai/low-altitude-economy/data/policy_data.json (71 条)
[2026-04-30 10:19:18] [ETL] 📊 统计已更新: /Users/zhoulai/low-altitude-economy/data/stats.json
[2026-04-30 10:19:18] [ETL] 📝 changelog 已更新 (3 条记录)
[2026-04-30 10:19:18] [ETL] ==================================================
[2026-04-30 10:19:18] [ETL] 📋 ETL 执行结果:
[2026-04-30 10:19:18] [ETL]   policy: ✅ 成功
[2026-04-30 10:19:18] [ETL] ==================================================
[2026-04-30 12:12:02] [ETL] ==================================================
[2026-04-30 12:12:02] [ETL] 🚀 开始 ETL 流程: policy
[2026-04-30 12:12:02] [ETL] ==================================================
[2026-04-30 12:12:02] [ETL] 💾 原始数据已保存: /Users/zhoulai/low-altitude-economy/data/raw/policy_raw_2026-04-30_121202.json (31 条)
[2026-04-30 12:12:02] [ETL] 🧹 清洗数据...
[2026-04-30 12:12:02] [ETL] 📖 读取已有数据: /Users/zhoulai/low-altitude-economy/data/policy_data.json (71 条)
[2026-04-30 12:12:02] [ETL] 🔀 合并后: 102 条 → 去重后: 71 条
[2026-04-30 12:12:02] [ETL]    新增: 31 条，已有: 71 条，去重: 31 条
[2026-04-30 12:12:02] [ETL] 💾 主数据已更新: /Users/zhoulai/low-altitude-economy/data/policy_data.json (71 条)
[2026-04-30 12:12:02] [ETL] 📊 统计已更新: /Users/zhoulai/low-altitude-economy/data/stats.json
[2026-04-30 12:12:02] [ETL] 📝 changelog 已更新 (4 条记录)
[2026-05-01 09:00:30] [ETL] ==================================================
[2026-05-01 09:00:30] [ETL] 🚀 开始 ETL 流程: policy
[2026-05-01 09:00:30] [ETL] ==================================================
[2026-05-01 09:00:30] [ETL] 💾 原始数据已保存: /Users/zhoulai/low-altitude-economy/data/raw/policy_raw_2026-05-01_090030.json (31 条)
[2026-05-01 09:00:30] [ETL] 🧹 清洗数据...
[2026-05-01 09:00:30] [ETL] 📖 读取已有数据: /Users/zhoulai/low-altitude-economy/data/policy_data.json (71 条)
[2026-05-01 09:00:30] [ETL] 🔀 合并后: 102 条 → 去重后: 71 条
[2026-05-01 09:00:30] [ETL]    新增: 31 条，已有: 71 条，去重: 31 条
[2026-05-01 09:00:30] [ETL] 💾 主数据已更新: /Users/zhoulai/low-altitude-economy/data/policy_data.json (71 条)
[2026-05-01 09:00:30] [ETL] 📊 统计已更新: /Users/zhoulai/low-altitude-economy/data/stats.json
[2026-05-01 09:00:30] [ETL] 📝 changelog 已更新 (5 条记录)
[2026-05-01 09:01:02] [ETL] ==================================================
[2026-05-01 09:01:02] [ETL] 🚀 开始 ETL 流程: policy
[2026-05-01 09:01:02] [ETL] ==================================================
[2026-05-01 09:01:02] [ETL] 💾 原始数据已保存: /Users/zhoulai/low-altitude-economy/data/raw/policy_raw_2026-05-01_090102.json (31 条)
[2026-05-01 09:01:02] [ETL] 🧹 清洗数据...
[2026-05-01 09:01:02] [ETL] 📖 读取已有数据: /Users/zhoulai/low-altitude-economy/data/policy_data.json (71 条)
[2026-05-01 09:01:02] [ETL] 🔀 合并后: 102 条 → 去重后: 71 条
[2026-05-01 09:01:02] [ETL]    新增: 31 条，已有: 71 条，去重: 31 条
[2026-05-01 09:01:02] [ETL] 💾 主数据已更新: /Users/zhoulai/low-altitude-economy/data/policy_data.json (71 条)
[2026-05-01 09:01:02] [ETL] 📊 统计已更新: /Users/zhoulai/low-altitude-economy/data/stats.json
[2026-05-01 09:01:02] [ETL] 📝 changelog 已更新 (6 条记录)
[2026-05-01 09:01:02] [ETL] ==================================================
[2026-05-01 09:01:02] [ETL] 🚀 开始 ETL 流程: talent
[2026-05-01 09:01:02] [ETL] ==================================================
[2026-05-01 09:01:02] [ETL] 💾 原始数据已保存: /Users/zhoulai/low-altitude-economy/data/raw/talent_raw_2026-05-01_090102.json (208 条)
[2026-05-01 09:01:02] [ETL] 🧹 清洗数据...
[2026-05-01 09:01:02] [ETL] 📖 读取已有数据: /Users/zhoulai/low-altitude-economy/data/talent_data.json (210 条)
[2026-05-01 09:01:02] [ETL] 🔀 合并后: 418 条 → 去重后: 176 条
[2026-05-01 09:01:02] [ETL]    新增: 208 条，已有: 210 条，去重: 242 条
[2026-05-01 09:01:02] [ETL] 💾 主数据已更新: /Users/zhoulai/low-altitude-economy/data/talent_data.json (176 条)
[2026-05-01 09:01:02] [ETL] 📊 统计已更新: /Users/zhoulai/low-altitude-economy/data/talent_stats.json
[2026-05-01 09:01:02] [ETL] 📝 changelog 已更新 (7 条记录)
[2026-05-01 09:01:02] [ETL] ==================================================
[2026-05-01 09:01:02] [ETL] 📋 ETL 执行结果:
[2026-05-01 09:01:02] [ETL]   policy: ✅ 成功
[2026-05-01 09:01:02] [ETL]   talent: ✅ 成功
[2026-05-01 09:01:02] [ETL] ==================================================
[2026-05-01 19:07:11] [ETL] ==================================================
[2026-05-01 19:07:11] [ETL] 🚀 开始 ETL 流程: policy
[2026-05-01 19:07:11] [ETL] ==================================================
[2026-05-01 19:07:11] [ETL] 💾 原始数据已保存: /Users/zhoulai/low-altitude-economy/data/raw/policy_raw_2026-05-01_190711.json (31 条)
[2026-05-01 19:07:11] [ETL] 🧹 清洗数据...
[2026-05-01 19:07:11] [ETL] 📖 读取已有数据: /Users/zhoulai/low-altitude-economy/data/policy_data.json (71 条)
[2026-05-01 19:07:11] [ETL] 🔀 合并后: 102 条 → 去重后: 71 条
[2026-05-01 19:07:11] [ETL]    新增: 31 条，已有: 71 条，去重: 31 条
[2026-05-01 19:07:11] [ETL] 💾 主数据已更新: /Users/zhoulai/low-altitude-economy/data/policy_data.json (71 条)
[2026-05-01 19:07:11] [ETL] 📊 统计已更新: /Users/zhoulai/low-altitude-economy/data/stats.json
[2026-05-01 19:07:11] [ETL] 📝 changelog 已更新 (8 条记录)
[2026-05-01 19:07:11] [ETL] ==================================================
[2026-05-01 19:07:11] [ETL] 🚀 开始 ETL 流程: talent
[2026-05-01 19:07:11] [ETL] ==================================================
[2026-05-01 19:07:11] [ETL] 💾 原始数据已保存: /Users/zhoulai/low-altitude-economy/data/raw/talent_raw_2026-05-01_190711.json (261 条)
[2026-05-01 19:07:11] [ETL] 🧹 清洗数据...
[2026-05-01 19:07:11] [ETL] 📖 读取已有数据: /Users/zhoulai/low-altitude-economy/data/talent_data.json (176 条)
[2026-05-01 19:07:11] [ETL] 🔀 合并后: 437 条 → 去重后: 193 条
[2026-05-01 19:07:11] [ETL]    新增: 261 条，已有: 176 条，去重: 244 条
[2026-05-01 19:07:11] [ETL] 💾 主数据已更新: /Users/zhoulai/low-altitude-economy/data/talent_data.json (193 条)
[2026-05-01 19:07:11] [ETL] 📊 统计已更新: /Users/zhoulai/low-altitude-economy/data/talent_stats.json
[2026-05-01 19:07:11] [ETL] 📝 changelog 已更新 (9 条记录)
[2026-05-01 19:07:11] [ETL] ==================================================
[2026-05-01 19:07:11] [ETL] 📋 ETL 执行结果:
[2026-05-01 19:07:11] [ETL]   policy: ✅ 成功
[2026-05-01 19:07:11] [ETL]   talent: ✅ 成功
[2026-05-01 19:07:11] [ETL] ==================================================
[2026-05-01 19:08:00] [ETL] ==================================================
[2026-05-01 19:08:00] [ETL] 🚀 开始 ETL 流程: policy
[2026-05-01 19:08:00] [ETL] ==================================================
[2026-05-01 19:08:00] [ETL] 💾 原始数据已保存: /Users/zhoulai/low-altitude-economy/data/raw/policy_raw_2026-05-01_190800.json (31 条)
[2026-05-01 19:08:00] [ETL] 🧹 清洗数据...
[2026-05-01 19:08:00] [ETL] 📖 读取已有数据: /Users/zhoulai/low-altitude-economy/data/policy_data.json (71 条)
[2026-05-01 19:08:00] [ETL] 🔀 合并后: 102 条 → 去重后: 71 条
[2026-05-01 19:08:00] [ETL]    新增: 31 条，已有: 71 条，去重: 31 条
[2026-05-01 19:08:00] [ETL] 💾 主数据已更新: /Users/zhoulai/low-altitude-economy/data/policy_data.json (71 条)
[2026-05-01 19:08:00] [ETL] 📊 统计已更新: /Users/zhoulai/low-altitude-economy/data/stats.json
[2026-05-01 19:08:00] [ETL] 📝 changelog 已更新 (10 条记录)
[2026-05-01 19:08:00] [ETL] ==================================================
[2026-05-01 19:08:00] [ETL] 🚀 开始 ETL 流程: talent
[2026-05-01 19:08:00] [ETL] ==================================================
[2026-05-01 19:08:00] [ETL] 💾 原始数据已保存: /Users/zhoulai/low-altitude-economy/data/raw/talent_raw_2026-05-01_190800.json (208 条)
[2026-05-01 19:08:00] [ETL] 🧹 清洗数据...
[2026-05-01 19:08:00] [ETL] 📖 读取已有数据: /Users/zhoulai/low-altitude-economy/data/talent_data.json (193 条)
[2026-05-01 19:08:00] [ETL] 🔀 合并后: 401 条 → 去重后: 199 条
[2026-05-01 19:08:00] [ETL]    新增: 208 条，已有: 193 条，去重: 202 条
[2026-05-01 19:08:00] [ETL] 💾 主数据已更新: /Users/zhoulai/low-altitude-economy/data/talent_data.json (199 条)
[2026-05-01 19:08:00] [ETL] 📊 统计已更新: /Users/zhoulai/low-altitude-economy/data/talent_stats.json
[2026-05-01 19:08:00] [ETL] 📝 changelog 已更新 (11 条记录)
[2026-05-01 19:08:00] [ETL] ==================================================
[2026-05-01 19:08:00] [ETL] 📋 ETL 执行结果:
[2026-05-01 19:08:00] [ETL]   policy: ✅ 成功
[2026-05-01 19:08:00] [ETL]   talent: ✅ 成功
[2026-05-01 19:08:00] [ETL] ==================================================
