[2026-04-30 10:01:12] [IMPORT] 📝 模板已生成: /Users/zhoulai/low-altitude-economy/data/manual/template.json
[2026-04-30 10:01:12] [IMPORT] ==================================================
[2026-04-30 10:01:12] [IMPORT] 📥 手动数据导入开始
[2026-04-30 10:01:12] [IMPORT] ==================================================
[2026-04-30 10:01:12] [IMPORT] ⚠️  没有找到要导入的文件
[2026-04-30 10:01:12] [IMPORT] 💡 模板文件: /Users/zhoulai/low-altitude-economy/data/manual/template.json
[2026-04-30 10:01:12] [IMPORT] 💡 将你的政策数据文件（JSON/CSV）放在 /Users/zhoulai/low-altitude-economy/data/manual/ 目录下
[2026-04-30 10:01:12] [IMPORT] 💡 你可以在 data/manual/template.json 看到录入格式
[2026-04-30 10:01:12] [IMPORT] 💡 按格式填好后，再运行此脚本导入
[2026-04-30 10:18:52] [IMPORT] ==================================================
[2026-04-30 10:18:52] [IMPORT] 📥 手动数据导入开始
[2026-04-30 10:18:52] [IMPORT] ==================================================
[2026-04-30 10:18:52] [IMPORT]   📄 pku_law_import.json: 40 条 → 有效 40 条
[2026-04-30 10:18:52] [IMPORT] 📦 共 40 条有效数据
[2026-04-30 10:18:52] [IMPORT] 📖 现有数据: 31 条
[2026-04-30 10:19:08] [IMPORT] ==================================================
[2026-04-30 10:19:08] [IMPORT] 📥 手动数据导入开始
[2026-04-30 10:19:08] [IMPORT] ==================================================
[2026-04-30 10:19:08] [IMPORT]   📄 pku_law_import.json: 40 条 → 有效 40 条
[2026-04-30 10:19:08] [IMPORT] 📦 共 40 条有效数据
[2026-04-30 10:19:08] [IMPORT] 📖 现有数据: 31 条
[2026-04-30 10:19:08] [IMPORT] 🔀 合并后 71 条 → 去重后 71 条
[2026-04-30 10:19:08] [IMPORT]    新增: 40 条，原有: 31 条
[2026-04-30 10:19:08] [IMPORT] 💾 已写入 /Users/zhoulai/low-altitude-economy/data/policy_data.json
[2026-04-30 10:19:08] [IMPORT] 📂 已导入文件移至 /Users/zhoulai/low-altitude-economy/data/manual/processed/
[2026-04-30 10:19:08] [IMPORT] 🎉 导入完成！共 71 条数据
